  Time          wlp2s0      
HH:MM:SS   KB/s in  KB/s out
14:28:49      0.00      0.00
14:28:50      0.00      0.00
14:28:51      0.00      0.00
14:28:52      1.68      2.33
14:28:53      0.31      0.78
14:28:54      0.00      0.00
14:28:55      0.94      0.83
14:28:56      2.65      0.61
14:28:57      0.16      0.21
14:28:58      0.45      0.66
14:28:59      0.00      0.74
14:29:00      0.00      0.74
14:29:01     14.06      3.76
14:29:02      0.06      0.00
14:29:03      0.22      0.31
14:29:04      0.00      0.00
14:29:05      3.07      6.85
14:29:06      3.33     17.76
14:29:07      0.00      5.91
14:29:08      0.15      4.55
14:29:09      0.00      1.48
14:29:10      3.04     11.37
14:29:11      0.00      1.80
14:29:12      0.06      2.95
14:29:13      3.04      9.80
14:29:14      0.00      4.43
14:29:15      0.04      1.54
14:29:16      4.67      3.04
14:29:17      0.06      3.05
14:29:18      0.00      0.00
