Linux 6.2.0-34-generic (ivan-UX430UAR) 	17.10.2023 	_x86_64_	(8 CPU)

Device             tps    kB_read/s    kB_wrtn/s    kB_dscd/s    kB_read    kB_wrtn    kB_dscd
sda1              0,25         7,36         0,01         0,00       5400          5          0


Device             tps    kB_read/s    kB_wrtn/s    kB_dscd/s    kB_read    kB_wrtn    kB_dscd
sda1              0,00         0,00         0,00         0,00          0          0          0


Device             tps    kB_read/s    kB_wrtn/s    kB_dscd/s    kB_read    kB_wrtn    kB_dscd
sda1              0,00         0,00         0,00         0,00          0          0          0


Device             tps    kB_read/s    kB_wrtn/s    kB_dscd/s    kB_read    kB_wrtn    kB_dscd
sda1              0,00         0,00         0,00         0,00          0          0          0


Device             tps    kB_read/s    kB_wrtn/s    kB_dscd/s    kB_read    kB_wrtn    kB_dscd
sda1              0,00         0,00         0,00         0,00          0          0          0


Device             tps    kB_read/s    kB_wrtn/s    kB_dscd/s    kB_read    kB_wrtn    kB_dscd
sda1              0,00         0,00         0,00         0,00          0          0          0


Device             tps    kB_read/s    kB_wrtn/s    kB_dscd/s    kB_read    kB_wrtn    kB_dscd
sda1              0,00         0,00         0,00         0,00          0          0          0


Device             tps    kB_read/s    kB_wrtn/s    kB_dscd/s    kB_read    kB_wrtn    kB_dscd
sda1              0,00         0,00         0,00         0,00          0          0          0


Device             tps    kB_read/s    kB_wrtn/s    kB_dscd/s    kB_read    kB_wrtn    kB_dscd
sda1              0,00         0,00         0,00         0,00          0          0          0


Device             tps    kB_read/s    kB_wrtn/s    kB_dscd/s    kB_read    kB_wrtn    kB_dscd
sda1              0,00         0,00         0,00         0,00          0          0          0


Device             tps    kB_read/s    kB_wrtn/s    kB_dscd/s    kB_read    kB_wrtn    kB_dscd
sda1              0,00         0,00         0,00         0,00          0          0          0


Device             tps    kB_read/s    kB_wrtn/s    kB_dscd/s    kB_read    kB_wrtn    kB_dscd
sda1              0,00         0,00         0,00         0,00          0          0          0


Device             tps    kB_read/s    kB_wrtn/s    kB_dscd/s    kB_read    kB_wrtn    kB_dscd
sda1              0,00         0,00         0,00         0,00          0          0          0


Device             tps    kB_read/s    kB_wrtn/s    kB_dscd/s    kB_read    kB_wrtn    kB_dscd
sda1              0,00         0,00         0,00         0,00          0          0          0


Device             tps    kB_read/s    kB_wrtn/s    kB_dscd/s    kB_read    kB_wrtn    kB_dscd
sda1              0,00         0,00         0,00         0,00          0          0          0


Device             tps    kB_read/s    kB_wrtn/s    kB_dscd/s    kB_read    kB_wrtn    kB_dscd
sda1              0,00         0,00         0,00         0,00          0          0          0


Device             tps    kB_read/s    kB_wrtn/s    kB_dscd/s    kB_read    kB_wrtn    kB_dscd
sda1              0,00         0,00         0,00         0,00          0          0          0


Device             tps    kB_read/s    kB_wrtn/s    kB_dscd/s    kB_read    kB_wrtn    kB_dscd
sda1              0,00         0,00         0,00         0,00          0          0          0


Device             tps    kB_read/s    kB_wrtn/s    kB_dscd/s    kB_read    kB_wrtn    kB_dscd
sda1              0,00         0,00         0,00         0,00          0          0          0


Device             tps    kB_read/s    kB_wrtn/s    kB_dscd/s    kB_read    kB_wrtn    kB_dscd
sda1              0,00         0,00         0,00         0,00          0          0          0


Device             tps    kB_read/s    kB_wrtn/s    kB_dscd/s    kB_read    kB_wrtn    kB_dscd
sda1              0,00         0,00         0,00         0,00          0          0          0


Device             tps    kB_read/s    kB_wrtn/s    kB_dscd/s    kB_read    kB_wrtn    kB_dscd
sda1              0,00         0,00         0,00         0,00          0          0          0


Device             tps    kB_read/s    kB_wrtn/s    kB_dscd/s    kB_read    kB_wrtn    kB_dscd
sda1              0,00         0,00         0,00         0,00          0          0          0


Device             tps    kB_read/s    kB_wrtn/s    kB_dscd/s    kB_read    kB_wrtn    kB_dscd
sda1              0,00         0,00         0,00         0,00          0          0          0


Device             tps    kB_read/s    kB_wrtn/s    kB_dscd/s    kB_read    kB_wrtn    kB_dscd
sda1              0,00         0,00         0,00         0,00          0          0          0


Device             tps    kB_read/s    kB_wrtn/s    kB_dscd/s    kB_read    kB_wrtn    kB_dscd
sda1              0,00         0,00         0,00         0,00          0          0          0


Device             tps    kB_read/s    kB_wrtn/s    kB_dscd/s    kB_read    kB_wrtn    kB_dscd
sda1              0,00         0,00         0,00         0,00          0          0          0


Device             tps    kB_read/s    kB_wrtn/s    kB_dscd/s    kB_read    kB_wrtn    kB_dscd
sda1              0,00         0,00         0,00         0,00          0          0          0


Device             tps    kB_read/s    kB_wrtn/s    kB_dscd/s    kB_read    kB_wrtn    kB_dscd
sda1              0,00         0,00         0,00         0,00          0          0          0


Device             tps    kB_read/s    kB_wrtn/s    kB_dscd/s    kB_read    kB_wrtn    kB_dscd
sda1              0,00         0,00         0,00         0,00          0          0          0


